#
# There is insufficient memory for the Java Runtime Environment to continue.
# Native memory allocation (malloc) failed to allocate 32744 bytes for ChunkPool::allocate
# Possible reasons:
#   The system is out of physical RAM or swap space
#   In 32 bit mode, the process size limit was hit
# Possible solutions:
#   Reduce memory load on the system
#   Increase physical memory or swap space
#   Check if swap backing store is full
#   Use 64 bit Java on a 64 bit OS
#   Decrease Java heap size (-Xmx/-Xms)
#   Decrease number of Java threads
#   Decrease Java thread stack sizes (-Xss)
#   Set larger code cache with -XX:ReservedCodeCacheSize=
# This output file may be truncated or incomplete.
#
#  Out of Memory Error (allocation.cpp:273), pid=6892, tid=9480
#
# JRE version: Java(TM) SE Runtime Environment (8.0_51-b16) (build 1.8.0_51-b16)
# Java VM: Java HotSpot(TM) 64-Bit Server VM (25.51-b03 mixed mode windows-amd64 compressed oops)
# Failed to write core dump. Minidumps are not enabled by default on client versions of Windows
#

---------------  T H R E A D  ---------------

Current thread (0x00000000175da800):  JavaThread "C2 CompilerThread0" daemon [_thread_in_native, id=9480, stack(0x0000000017bb0000,0x0000000017cb0000)]

Stack: [0x0000000017bb0000,0x0000000017cb0000]
Native frames: (J=compiled Java code, j=interpreted, Vv=VM code, C=native code)
V  [jvm.dll+0x32b4ca]


Current CompileTask:
C2:  12717 2116       4       org.codehaus.groovy.control.ResolveVisitor::resolveNestedClass (290 bytes)


---------------  P R O C E S S  ---------------

Java Threads: ( => current thread )
  0x00000000187e5000 JavaThread "File lock request listener" [_thread_in_native, id=3396, stack(0x000000001c010000,0x000000001c110000)]
  0x00000000198cf800 JavaThread "Stdin handler" [_thread_blocked, id=9068, stack(0x000000001a4f0000,0x000000001a5f0000)]
  0x0000000018f55800 JavaThread "Daemon worker" [_thread_in_vm, id=7236, stack(0x000000001a3f0000,0x000000001a4f0000)]
  0x0000000018f62800 JavaThread "Cancel handler" [_thread_blocked, id=2576, stack(0x000000001a2f0000,0x000000001a3f0000)]
  0x0000000018e8b800 JavaThread "Handler for socket connection from /127.0.0.1:36234 to /127.0.0.1:36235" [_thread_in_native, id=7540, stack(0x000000001a1f0000,0x000000001a2f0000)]
  0x0000000018e97800 JavaThread "Daemon" [_thread_blocked, id=5772, stack(0x000000001a0f0000,0x000000001a1f0000)]
  0x00000000191a1800 JavaThread "Incoming local TCP Connector on port 36234" [_thread_in_native, id=4792, stack(0x00000000189b0000,0x0000000018ab0000)]
  0x000000001767d000 JavaThread "Service Thread" daemon [_thread_blocked, id=7400, stack(0x0000000017fb0000,0x00000000180b0000)]
  0x00000000175ec800 JavaThread "C1 CompilerThread3" daemon [_thread_blocked, id=5328, stack(0x0000000017eb0000,0x0000000017fb0000)]
  0x00000000175e4800 JavaThread "C2 CompilerThread2" daemon [_thread_in_native, id=8280, stack(0x0000000017db0000,0x0000000017eb0000)]
  0x00000000175df000 JavaThread "C2 CompilerThread1" daemon [_thread_in_native, id=2224, stack(0x0000000017cb0000,0x0000000017db0000)]
=>0x00000000175da800 JavaThread "C2 CompilerThread0" daemon [_thread_in_native, id=9480, stack(0x0000000017bb0000,0x0000000017cb0000)]
  0x00000000175d8000 JavaThread "Attach Listener" daemon [_thread_blocked, id=9044, stack(0x0000000017ab0000,0x0000000017bb0000)]
  0x00000000175d5000 JavaThread "Signal Dispatcher" daemon [_thread_blocked, id=4164, stack(0x00000000179b0000,0x0000000017ab0000)]
  0x0000000002aab000 JavaThread "Finalizer" daemon [_thread_blocked, id=9136, stack(0x00000000174a0000,0x00000000175a0000)]
  0x0000000002aa3000 JavaThread "Reference Handler" daemon [_thread_blocked, id=1932, stack(0x00000000173a0000,0x00000000174a0000)]
  0x00000000029ae000 JavaThread "main" [_thread_blocked, id=9356, stack(0x00000000028a0000,0x00000000029a0000)]

Other Threads:
  0x00000000155c9800 VMThread [stack: 0x00000000172a0000,0x00000000173a0000] [id=5000]
  0x0000000017686000 WatcherThread [stack: 0x00000000180b0000,0x00000000181b0000] [id=1284]

VM state:not at safepoint (normal execution)

VM Mutex/Monitor currently owned by a thread: None

Heap:
 PSYoungGen      total 69120K, used 31147K [0x00000000eab00000, 0x00000000efe00000, 0x0000000100000000)
  eden space 57344K, 51% used [0x00000000eab00000,0x00000000ec810c28,0x00000000ee300000)
  from space 11776K, 11% used [0x00000000eee00000,0x00000000eef5a100,0x00000000ef980000)
  to   space 11264K, 0% used [0x00000000ee300000,0x00000000ee300000,0x00000000eee00000)
 ParOldGen       total 46080K, used 8153K [0x00000000c0000000, 0x00000000c2d00000, 0x00000000eab00000)
  object space 46080K, 17% used [0x00000000c0000000,0x00000000c07f6790,0x00000000c2d00000)
 Metaspace       used 22212K, capacity 22742K, committed 22912K, reserved 1069056K
  class space    used 2934K, capacity 3110K, committed 3200K, reserved 1048576K

Card table byte_map: [0x0000000011e70000,0x0000000012080000] byte_map_base: 0x0000000011870000

Marking Bits: (ParMarkBitMap*) 0x0000000067524040
 Begin Bits: [0x00000000129e0000, 0x00000000139e0000)
 End Bits:   [0x00000000139e0000, 0x00000000149e0000)

Polling page: 0x0000000001090000

CodeCache: size=245760Kb used=7759Kb max_used=7938Kb free=238000Kb
 bounds [0x0000000002ab0000, 0x0000000003280000, 0x0000000011ab0000]
 total_blobs=2661 nmethods=2042 adapters=531
 compilation: enabled

Compilation events (10 events):
Event: 12.646 Thread 0x00000000175ec800 nmethod 2109 0x0000000002bd1990 code [0x0000000002bd1ae0, 0x0000000002bd1c30]
Event: 12.646 Thread 0x00000000175ec800 2110       3       org.codehaus.groovy.control.ResolveVisitor::visitAnnotations (270 bytes)
Event: 12.649 Thread 0x00000000175ec800 nmethod 2110 0x0000000002d0e610 code [0x0000000002d0eac0, 0x0000000002d11998]
Event: 12.663 Thread 0x00000000175da800 2113       4       org.codehaus.groovy.ast.ClassNode::getUnresolvedSuperClass (34 bytes)
Event: 12.666 Thread 0x00000000175da800 nmethod 2113 0x0000000002bf7150 code [0x0000000002bf72c0, 0x0000000002bf7470]
Event: 12.666 Thread 0x00000000175da800 2114       4       org.codehaus.groovy.ast.ClassNode::getSuperClass (70 bytes)
Event: 12.669 Thread 0x00000000175da800 nmethod 2114 0x0000000002f1d490 code [0x0000000002f1d620, 0x0000000002f1d890]
Event: 12.709 Thread 0x00000000175da800 2115       4       org.codehaus.groovy.ast.ClassNode::getName (8 bytes)
Event: 12.710 Thread 0x00000000175da800 nmethod 2115 0x0000000002bf6dd0 code [0x0000000002bf6f20, 0x0000000002bf6fe8]
Event: 12.710 Thread 0x00000000175da800 2116       4       org.codehaus.groovy.control.ResolveVisitor::resolveNestedClass (290 bytes)

GC Heap History (10 events):
Event: 10.761 GC heap before
{Heap before GC invocations=5 (full 1):
 PSYoungGen      total 38400K, used 5088K [0x00000000eab00000, 0x00000000ed580000, 0x0000000100000000)
  eden space 33280K, 0% used [0x00000000eab00000,0x00000000eab00000,0x00000000ecb80000)
  from space 5120K, 99% used [0x00000000ed080000,0x00000000ed578040,0x00000000ed580000)
  to   space 5120K, 0% used [0x00000000ecb80000,0x00000000ecb80000,0x00000000ed080000)
 ParOldGen       total 87552K, used 8311K [0x00000000c0000000, 0x00000000c5580000, 0x00000000eab00000)
  object space 87552K, 9% used [0x00000000c0000000,0x00000000c081df98,0x00000000c5580000)
 Metaspace       used 20614K, capacity 21136K, committed 21296K, reserved 1067008K
  class space    used 2762K, capacity 2917K, committed 2944K, reserved 1048576K
Event: 10.792 GC heap after
Heap after GC invocations=5 (full 1):
 PSYoungGen      total 38400K, used 0K [0x00000000eab00000, 0x00000000ed580000, 0x0000000100000000)
  eden space 33280K, 0% used [0x00000000eab00000,0x00000000eab00000,0x00000000ecb80000)
  from space 5120K, 0% used [0x00000000ed080000,0x00000000ed080000,0x00000000ed580000)
  to   space 5120K, 0% used [0x00000000ecb80000,0x00000000ecb80000,0x00000000ed080000)
 ParOldGen       total 46080K, used 8137K [0x00000000c0000000, 0x00000000c2d00000, 0x00000000eab00000)
  object space 46080K, 17% used [0x00000000c0000000,0x00000000c07f2790,0x00000000c2d00000)
 Metaspace       used 20614K, capacity 21136K, committed 21296K, reserved 1067008K
  class space    used 2762K, capacity 2917K, committed 2944K, reserved 1048576K
}
Event: 11.918 GC heap before
{Heap before GC invocations=6 (full 1):
 PSYoungGen      total 38400K, used 33280K [0x00000000eab00000, 0x00000000ed580000, 0x0000000100000000)
  eden space 33280K, 100% used [0x00000000eab00000,0x00000000ecb80000,0x00000000ecb80000)
  from space 5120K, 0% used [0x00000000ed080000,0x00000000ed080000,0x00000000ed580000)
  to   space 5120K, 0% used [0x00000000ecb80000,0x00000000ecb80000,0x00000000ed080000)
 ParOldGen       total 46080K, used 8137K [0x00000000c0000000, 0x00000000c2d00000, 0x00000000eab00000)
  object space 46080K, 17% used [0x00000000c0000000,0x00000000c07f2790,0x00000000c2d00000)
 Metaspace       used 22150K, capacity 22678K, committed 22912K, reserved 1069056K
  class space    used 2932K, capacity 3110K, committed 3200K, reserved 1048576K
Event: 11.919 GC heap after
Heap after GC invocations=6 (full 1):
 PSYoungGen      total 37888K, used 1900K [0x00000000eab00000, 0x00000000ee100000, 0x0000000100000000)
  eden space 32768K, 0% used [0x00000000eab00000,0x00000000eab00000,0x00000000ecb00000)
  from space 5120K, 37% used [0x00000000ecb80000,0x00000000ecd5b3f8,0x00000000ed080000)
  to   space 11264K, 0% used [0x00000000ed600000,0x00000000ed600000,0x00000000ee100000)
 ParOldGen       total 46080K, used 8145K [0x00000000c0000000, 0x00000000c2d00000, 0x00000000eab00000)
  object space 46080K, 17% used [0x00000000c0000000,0x00000000c07f4790,0x00000000c2d00000)
 Metaspace       used 22150K, capacity 22678K, committed 22912K, reserved 1069056K
  class space    used 2932K, capacity 3110K, committed 3200K, reserved 1048576K
}
Event: 12.002 GC heap before
{Heap before GC invocations=7 (full 1):
 PSYoungGen      total 37888K, used 34668K [0x00000000eab00000, 0x00000000ee100000, 0x0000000100000000)
  eden space 32768K, 100% used [0x00000000eab00000,0x00000000ecb00000,0x00000000ecb00000)
  from space 5120K, 37% used [0x00000000ecb80000,0x00000000ecd5b3f8,0x00000000ed080000)
  to   space 11264K, 0% used [0x00000000ed600000,0x00000000ed600000,0x00000000ee100000)
 ParOldGen       total 46080K, used 8145K [0x00000000c0000000, 0x00000000c2d00000, 0x00000000eab00000)
  object space 46080K, 17% used [0x00000000c0000000,0x00000000c07f4790,0x00000000c2d00000)
 Metaspace       used 22183K, capacity 22678K, committed 22912K, reserved 1069056K
  class space    used 2932K, capacity 3110K, committed 3200K, reserved 1048576K
Event: 12.004 GC heap after
Heap after GC invocations=7 (full 1):
 PSYoungGen      total 43520K, used 1156K [0x00000000eab00000, 0x00000000efa80000, 0x0000000100000000)
  eden space 32256K, 0% used [0x00000000eab00000,0x00000000eab00000,0x00000000eca80000)
  from space 11264K, 10% used [0x00000000ed600000,0x00000000ed7210e0,0x00000000ee100000)
  to   space 11776K, 0% used [0x00000000eca80000,0x00000000eca80000,0x00000000ed600000)
 ParOldGen       total 46080K, used 8153K [0x00000000c0000000, 0x00000000c2d00000, 0x00000000eab00000)
  object space 46080K, 17% used [0x00000000c0000000,0x00000000c07f6790,0x00000000c2d00000)
 Metaspace       used 22183K, capacity 22678K, committed 22912K, reserved 1069056K
  class space    used 2932K, capacity 3110K, committed 3200K, reserved 1048576K
}
Event: 12.225 GC heap before
{Heap before GC invocations=8 (full 1):
 PSYoungGen      total 43520K, used 33412K [0x00000000eab00000, 0x00000000efa80000, 0x0000000100000000)
  eden space 32256K, 100% used [0x00000000eab00000,0x00000000eca80000,0x00000000eca80000)
  from space 11264K, 10% used [0x00000000ed600000,0x00000000ed7210e0,0x00000000ee100000)
  to   space 11776K, 0% used [0x00000000eca80000,0x00000000eca80000,0x00000000ed600000)
 ParOldGen       total 46080K, used 8153K [0x00000000c0000000, 0x00000000c2d00000, 0x00000000eab00000)
  object space 46080K, 17% used [0x00000000c0000000,0x00000000c07f6790,0x00000000c2d00000)
 Metaspace       used 22183K, capacity 22678K, committed 22912K, reserved 1069056K
  class space    used 2932K, capacity 3110K, committed 3200K, reserved 1048576K
Event: 12.227 GC heap after
Heap after GC invocations=8 (full 1):
 PSYoungGen      total 44032K, used 1220K [0x00000000eab00000, 0x00000000ef980000, 0x0000000100000000)
  eden space 32256K, 0% used [0x00000000eab00000,0x00000000eab00000,0x00000000eca80000)
  from space 11776K, 10% used [0x00000000eca80000,0x00000000ecbb1100,0x00000000ed600000)
  to   space 11776K, 0% used [0x00000000eee00000,0x00000000eee00000,0x00000000ef980000)
 ParOldGen       total 46080K, used 8153K [0x00000000c0000000, 0x00000000c2d00000, 0x00000000eab00000)
  object space 46080K, 17% used [0x00000000c0000000,0x00000000c07f6790,0x00000000c2d00000)
 Metaspace       used 22183K, capacity 22678K, committed 22912K, reserved 1069056K
  class space    used 2932K, capacity 3110K, committed 3200K, reserved 1048576K
}
Event: 12.473 GC heap before
{Heap before GC invocations=9 (full 1):
 PSYoungGen      total 44032K, used 33476K [0x00000000eab00000, 0x00000000ef980000, 0x0000000100000000)
  eden space 32256K, 100% used [0x00000000eab00000,0x00000000eca80000,0x00000000eca80000)
  from space 11776K, 10% used [0x00000000eca80000,0x00000000ecbb1100,0x00000000ed600000)
  to   space 11776K, 0% used [0x00000000eee00000,0x00000000eee00000,0x00000000ef980000)
 ParOldGen       total 46080K, used 8153K [0x00000000c0000000, 0x00000000c2d00000, 0x00000000eab00000)
  object space 46080K, 17% used [0x00000000c0000000,0x00000000c07f6790,0x00000000c2d00000)
 Metaspace       used 22183K, capacity 22678K, committed 22912K, reserved 1069056K
  class space    used 2932K, capacity 3110K, committed 3200K, reserved 1048576K
Event: 12.504 GC heap after
Heap after GC invocations=9 (full 1):
 PSYoungGen      total 69120K, used 1384K [0x00000000eab00000, 0x00000000efe00000, 0x0000000100000000)
  eden space 57344K, 0% used [0x00000000eab00000,0x00000000eab00000,0x00000000ee300000)
  from space 11776K, 11% used [0x00000000eee00000,0x00000000eef5a100,0x00000000ef980000)
  to   space 11264K, 0% used [0x00000000ee300000,0x00000000ee300000,0x00000000eee00000)
 ParOldGen       total 46080K, used 8153K [0x00000000c0000000, 0x00000000c2d00000, 0x00000000eab00000)
  object space 46080K, 17% used [0x00000000c0000000,0x00000000c07f6790,0x00000000c2d00000)
 Metaspace       used 22183K, capacity 22678K, committed 22912K, reserved 1069056K
  class space    used 2932K, capacity 3110K, committed 3200K, reserved 1048576K
}

Deoptimization events (10 events):
Event: 9.609 Thread 0x0000000018f55800 Uncommon trap: reason=unstable_if action=reinterpret pc=0x0000000002d14454 method=java.lang.AbstractStringBuilder.append(Ljava/lang/String;)Ljava/lang/AbstractStringBuilder; @ 1
Event: 10.235 Thread 0x0000000018f55800 Uncommon trap: reason=class_check action=maybe_recompile pc=0x0000000002e4946c method=sun.misc.URLClassPath.getLoader(I)Lsun/misc/URLClassPath$Loader; @ 94
Event: 10.235 Thread 0x0000000018f55800 Uncommon trap: reason=class_check action=maybe_recompile pc=0x0000000002da63cc method=sun.misc.URLClassPath.getResource(Ljava/lang/String;Z)Lsun/misc/Resource; @ 62
Event: 10.242 Thread 0x0000000018f55800 Uncommon trap: reason=class_check action=maybe_recompile pc=0x0000000002e49584 method=sun.misc.URLClassPath.getLoader(I)Lsun/misc/URLClassPath$Loader; @ 193
Event: 10.243 Thread 0x0000000018f55800 Uncommon trap: reason=class_check action=maybe_recompile pc=0x0000000002e49584 method=sun.misc.URLClassPath.getLoader(I)Lsun/misc/URLClassPath$Loader; @ 193
Event: 10.248 Thread 0x0000000018f55800 Uncommon trap: reason=class_check action=maybe_recompile pc=0x0000000002e49584 method=sun.misc.URLClassPath.getLoader(I)Lsun/misc/URLClassPath$Loader; @ 193
Event: 10.422 Thread 0x0000000018f55800 Uncommon trap: reason=unstable_if action=reinterpret pc=0x0000000003089ca4 method=java.lang.Class$MethodArray.addIfNotPresent(Ljava/lang/reflect/Method;)V @ 19
Event: 10.422 Thread 0x0000000018f55800 Uncommon trap: reason=unstable_if action=reinterpret pc=0x0000000003061c40 method=java.lang.Class$MethodArray.addIfNotPresent(Ljava/lang/reflect/Method;)V @ 19
Event: 12.595 Thread 0x0000000018f55800 Uncommon trap: reason=unstable_if action=reinterpret pc=0x0000000003231ddc method=org.codehaus.groovy.ast.ClassNode.redirect()Lorg/codehaus/groovy/ast/ClassNode; @ 4
Event: 12.617 Thread 0x0000000018f55800 Uncommon trap: reason=unstable_if action=reinterpret pc=0x0000000002d034f0 method=java.util.LinkedHashMap.afterNodeInsertion(Z)V @ 1

Internal exceptions (10 events):
Event: 10.253 Thread 0x0000000018f55800 Exception <a 'java/lang/ClassNotFoundException': groovy/lang/Closure$1BeanInfo> (0x00000000eb7773b8) thrown at [C:\re\workspace\8-2-build-windows-amd64-cygwin\jdk8u51\3951\hotspot\src\share\vm\classfile\systemDictionary.cpp, line 210]
Event: 10.253 Thread 0x0000000018f55800 Exception <a 'java/lang/ClassNotFoundException': groovy/lang/ClosureBeanInfo> (0x00000000eb78ad10) thrown at [C:\re\workspace\8-2-build-windows-amd64-cygwin\jdk8u51\3951\hotspot\src\share\vm\classfile\systemDictionary.cpp, line 210]
Event: 10.254 Thread 0x0000000018f55800 Exception <a 'java/lang/ClassNotFoundException': groovy/lang/ClosureCustomizer> (0x00000000eb79ec80) thrown at [C:\re\workspace\8-2-build-windows-amd64-cygwin\jdk8u51\3951\hotspot\src\share\vm\classfile\systemDictionary.cpp, line 210]
Event: 10.257 Thread 0x0000000018f55800 Exception <a 'java/lang/ClassNotFoundException': groovy/lang/Closure$1Customizer> (0x00000000eb7dbd90) thrown at [C:\re\workspace\8-2-build-windows-amd64-cygwin\jdk8u51\3951\hotspot\src\share\vm\classfile\systemDictionary.cpp, line 210]
Event: 10.423 Thread 0x0000000018f55800 Exception <a 'java/lang/ClassNotFoundException': org/gradle/invocation/DefaultGradle_DecoratedBeanInfo> (0x00000000ebc01470) thrown at [C:\re\workspace\8-2-build-windows-amd64-cygwin\jdk8u51\3951\hotspot\src\share\vm\classfile\systemDictionary.cpp, line 21S0¢—Úÿ$@
Event: 10.424 Thread 0x0000000018f55800 Exception <a 'java/lang/ClassNotFoundException': org/gradle/invocation/DefaultGradleBeanInfo> (0x00000000ebc1a8c8) thrown at [C:\re\workspace\8-2-build-windows-amd64-cygwin\jdk8u51\3951\hotspot\src\share\vm\classfile\systemDictionary.cpp, line 210]
Event: 10.424 Thread 0x0000000018f55800 Exception <a 'java/lang/ClassNotFoundException': org/gradle/api/internal/project/AbstractPluginAwareBeanInfo> (0x00000000ebc39af0) thrown at [C:\re\workspace\8-2-build-windows-amd64-cygwin\jdk8u51\3951\hotspot\src\share\vm\classfile\systemDictionary.cpp, l};ŒCŸ$@
Event: 10.424 Thread 0x0000000018f55800 Exception <a 'java/lang/ClassNotFoundException': org/gradle/api/internal/project/AbstractPluginAwareCustomizer> (0x00000000ebc59358) thrown at [C:\re\workspace\8-2-build-windows-amd64-cygwin\jdk8u51\3951\hotspot\src\share\vm\classfile\systemDictionary.cpp,ºàv≥Ÿ$@
Event: 10.425 Thread 0x0000000018f55800 Exception <a 'java/lang/ClassNotFoundException': org/gradle/invocation/DefaultGradleCustomizer> (0x00000000ebc791b8) thrown at [C:\re\workspace\8-2-build-windows-amd64-cygwin\jdk8u51\3951\hotspot\src\share\vm\classfile\systemDictionary.cpp, line 210]
Event: 10.427 Thread 0x0000000018f55800 Exception <a 'java/lang/ClassNotFoundException': org/gradle/invocation/DefaultGradle_DecoratedCustomizer> (0x00000000ebcb9440) thrown at [C:\re\workspace\8-2-build-windows-amd64-cygwin\jdk8u51\3951\hotspot\src\share\vm\classfile\systemDictionary.cpp, line C ¢ºnÅ$@

Events (10 events):
Event: 12.712 loading class org/gradle/api/artifacts/cache/URL
Event: 12.712 loading class org/gradle/api/artifacts/cache/URL done
Event: 12.712 loading class org/gradle/api/artifacts/component/URL
Event: 12.712 loading class org/gradle/api/artifacts/component/URL done
Event: 12.712 loading class org/gradle/api/artifacts/component/URL
Event: 12.712 loading class org/gradle/api/artifacts/component/URL done
Event: 12.712 loading class org/gradle/api/artifacts/dsl/URL
Event: 12.712 loading class org/gradle/api/artifacts/dsl/URL done
Event: 12.712 loading class org/gradle/api/artifacts/dsl/URL
Event: 12.712 loading class org/gradle/api/artifacts/dsl/URL done


Dynamic libraries:
0x00007ff7ceaa0000 - 0x00007ff7cead7000 	C:\Program Files\Java\jdk1.8.0_51\bin\java.exe
0x00007ffd6c5a0000 - 0x00007ffd6c761000 	C:\WINDOWS\SYSTEM32\ntdll.dll
0x00007ffd6acc0000 - 0x00007ffd6ad6d000 	C:\WINDOWS\system32\KERNEL32.DLL
0x00007ffd69a90000 - 0x00007ffd69c6d000 	C:\WINDOWS\system32\KERNELBASE.dll
0x00007ffd6a850000 - 0x00007ffd6a8f6000 	C:\WINDOWS\system32\ADVAPI32.dll
0x00007ffd6a3f0000 - 0x00007ffd6a48d000 	C:\WINDOWS\system32\msvcrt.dll
0x00007ffd69ea0000 - 0x00007ffd69efb000 	C:\WINDOWS\system32\sechost.dll
0x00007ffd6a490000 - 0x00007ffd6a5b6000 	C:\WINDOWS\system32\RPCRT4.dll
0x00007ffd6ad70000 - 0x00007ffd6aebe000 	C:\WINDOWS\system32\USER32.dll
0x00007ffd6ab30000 - 0x00007ffd6acb6000 	C:\WINDOWS\system32\GDI32.dll
0x00007ffd65a70000 - 0x00007ffd65ce4000 	C:\WINDOWS\WinSxS\amd64_microsoft.windows.common-controls_6595b64144ccf1df_6.0.10240.16384_none_f41f7b285750ef43\COMCTL32.dll
0x00007ffd6af30000 - 0x00007ffd6af66000 	C:\WINDOWS\system32\IMM32.DLL
0x00007ffd6a970000 - 0x00007ffd6aacc000 	C:\WINDOWS\system32\MSCTF.dll
0x00000000668c0000 - 0x0000000066992000 	C:\Program Files\Java\jdk1.8.0_51\jre\bin\msvcr100.dll
0x0000000066d20000 - 0x00000000675a3000 	C:\Program Files\Java\jdk1.8.0_51\jre\bin\server\jvm.dll
0x00007ffd69f00000 - 0x00007ffd69f08000 	C:\WINDOWS\system32\PSAPI.DLL
0x00007ffd67680000 - 0x00007ffd67689000 	C:\WINDOWS\SYSTEM32\WSOCK32.dll
0x00007ffd65da0000 - 0x00007ffd65dc3000 	C:\WINDOWS\SYSTEM32\WINMM.dll
0x00007ffd65dd0000 - 0x00007ffd65dda000 	C:\WINDOWS\SYSTEM32\VERSION.dll
0x00007ffd6aec0000 - 0x00007ffd6af29000 	C:\WINDOWS\system32\WS2_32.dll
0x00007ffd6af80000 - 0x00007ffd6af88000 	C:\WINDOWS\system32\NSI.dll
0x00007ffd65a10000 - 0x00007ffd65a3c000 	C:\WINDOWS\SYSTEM32\WINMMBASE.dll
0x00007ffd693b0000 - 0x00007ffd693f4000 	C:\WINDOWS\system32\cfgmgr32.dll
0x00007ffd67940000 - 0x00007ffd67967000 	C:\WINDOWS\SYSTEM32\DEVOBJ.dll
0x0000000067c60000 - 0x0000000067c6f000 	C:\Program Files\Java\jdk1.8.0_51\jre\bin\verify.dll
0x0000000067c30000 - 0x0000000067c59000 	C:\Program Files\Java\jdk1.8.0_51\jre\bin\java.dll
0x0000000067c10000 - 0x0000000067c26000 	C:\Program Files\Java\jdk1.8.0_51\jre\bin\zip.dll
0x00007ffd6b050000 - 0x00007ffd6c572000 	C:\WINDOWS\system32\SHELL32.dll
0x00007ffd69460000 - 0x00007ffd69a89000 	C:\WINDOWS\system32\windows.storage.dll
0x00007ffd6a170000 - 0x00007ffd6a3ec000 	C:\WINDOWS\system32\combase.dll
0x00007ffd6af90000 - 0x00007ffd6afe1000 	C:\WINDOWS\system32\shlwapi.dll
0x00007ffd69040000 - 0x00007ffd6904f000 	C:\WINDOWS\system32\kernel.appcore.dll
0x00007ffd69120000 - 0x00007ffd691d3000 	C:\WINDOWS\system32\shcore.dll
0x00007ffd68fd0000 - 0x00007ffd6901a000 	C:\WINDOWS\system32\powrprof.dll
0x00007ffd69050000 - 0x00007ffd69063000 	C:\WINDOWS\system32\profapi.dll
0x0000000066d00000 - 0x0000000066d1a000 	C:\Program Files\Java\jdk1.8.0_51\jre\bin\net.dll
0x00007ffd68840000 - 0x00007ffd6889d000 	C:\WINDOWS\system32\mswsock.dll
0x0000000066ce0000 - 0x0000000066cf1000 	C:\Program Files\Java\jdk1.8.0_51\jre\bin\nio.dll
0x00007ffd5c030000 - 0x00007ffd5c042000 	C:\Users\Miguel\.gradle\native\19\windows-amd64\native-platform.dll
0x00007ffd67530000 - 0x00007ffd67568000 	C:\WINDOWS\SYSTEM32\IPHLPAPI.DLL
0x00007ffd674e0000 - 0x00007ffd674eb000 	C:\WINDOWS\SYSTEM32\WINNSI.DLL
0x00007ffd669b0000 - 0x00007ffd669c6000 	C:\WINDOWS\SYSTEM32\dhcpcsvc6.DLL
0x00007ffd66990000 - 0x00007ffd669aa000 	C:\WINDOWS\SYSTEM32\dhcpcsvc.DLL
0x00007ffd688a0000 - 0x00007ffd688b7000 	C:\WINDOWS\SYSTEM32\CRYPTSP.dll
0x00007ffd68f00000 - 0x00007ffd68f28000 	C:\WINDOWS\SYSTEM32\bcrypt.dll
0x00007ffd684f0000 - 0x00007ffd68523000 	C:\WINDOWS\system32\rsaenh.dll
0x00007ffd686d0000 - 0x00007ffd686ef000 	C:\WINDOWS\SYSTEM32\USERENV.dll
0x00007ffd68df0000 - 0x00007ffd68e5b000 	C:\WINDOWS\system32\bcryptprimitives.dll
0x00007ffd68b00000 - 0x00007ffd68b0b000 	C:\WINDOWS\SYSTEM32\CRYPTBASE.dll

VM Arguments:
jvm_args: -XX:MaxPermSize=256m -XX:+HeapDumpOnOutOfMemoryError -Xmx1024m -Dfile.encoding=windows-1252 -Duser.country=US -Duser.language=en -Duser.variant 
java_command: org.gradle.launcher.daemon.bootstrap.GradleDaemon 2.4 C:\Users\Miguel\.gradle C:\Users\Miguel\.gradle\daemon 10800000 5717f2d5-07df-4f70-af41-aad5c7b446b7 -XX:MaxPermSize=256m -XX:+HeapDumpOnOutOfMemoryError -Xmx1024m -Dfile.encoding=windows-1252 -Duser.country=US -Duser.language=en -Duser.variant
java_class_path (initial): C:\Users\Miguel\.gradle\wrapper\dists\gradle-2.4-all\6r4uqcc6ovnq6ac6s0txzcpc0\gradle-2.4\lib\gradle-launcher-2.4.jar
Launcher Type: SUN_STANDARD

Environment Variables:
JAVA_HOME=C:\Program Files\Java\jdk1.8.0_51
PATH=C:\Python27\;C:\Python27\Scripts;C:\ProgramData\Oracle\Java\javapath;C:\WINDOWS\system32;C:\WINDOWS;C:\WINDOWS\System32\Wbem;C:\WINDOWS\System32\WindowsPowerShell\v1.0\;C:\Program Files\Microsoft\Web Platform Installer\;C:\Program Files (x86)\Microsoft ASP.NET\ASP.NET Web Pages\v1.0\;C:\Program Files (x86)\Windows Kits\8.0\Windows Performance Toolkit\;C:\Program Files\Microsoft SQL Server\110\Tools\Binn\;C:\Users\Miguel\AppData\Local\Android\sdk\platform-tools;;C:\Users\Miguel\AppData\Local\Code\bin
USERNAME=Miguel
OS=Windows_NT
PROCESSOR_IDENTIFIER=Intel64 Family 6 Model 60 Stepping 3, GenuineIntel



---------------  S Y S T E M  ---------------

OS: Windows 10.0 , 64 bit Build 10240 (10.0.10240.16384)

CPU:total 8 (4 cores per cpu, 2 threads per core) family 6 model 60 stepping 3, cmov, cx8, fxsr, mmx, sse, sse2, sse3, ssse3, sse4.1, sse4.2, popcnt, avx, avx2, aes, clmul, erms, lzcnt, ht, tsc, tscinvbit, bmi1, bmi2

Memory: 4k page, physical 8298776k(2320712k free), swap 25075992k(4136k free)

vm_info: Java HotSpot(TM) 64-Bit Server VM (25.51-b03) for windows-amd64 JRE (1.8.0_51-b16), built on Jun  8 2015 18:03:07 by "java_re" with MS VC++ 10.0 (VS2010)

time: Thu Aug 20 09:18:03 2015
elapsed time: 12 seconds (0d 0h 0m 12s)

